<?xml version="1.0" encoding="UTF-8"?>
<testng-results ignored="0" total="4" passed="3" failed="1" skipped="0">
  <reporter-output>
  </reporter-output>
  <suite started-at="2022-10-12T12:07:07 IST" name="Suite" finished-at="2022-10-12T12:08:06 IST" duration-ms="59340">
    <groups>
      <group name="Chrome">
        <method signature="AppTest.LaunchChrome()[pri:0, instance:com.samples.flipcart1.AppTest@29647f75]" name="LaunchChrome" class="com.samples.flipcart1.AppTest"/>
        <method signature="AppTest.f()[pri:0, instance:com.samples.flipcart1.AppTest@29647f75]" name="f" class="com.samples.flipcart1.AppTest"/>
      </group> <!-- Chrome -->
      <group name="Firefox">
        <method signature="AppTest.LaunchFirefox()[pri:0, instance:com.samples.flipcart1.AppTest@29647f75]" name="LaunchFirefox" class="com.samples.flipcart1.AppTest"/>
        <method signature="AppTest.firefox()[pri:0, instance:com.samples.flipcart1.AppTest@29647f75]" name="firefox" class="com.samples.flipcart1.AppTest"/>
      </group> <!-- Firefox -->
    </groups>
    <test started-at="2022-10-12T12:07:07 IST" name="Test" finished-at="2022-10-12T12:08:06 IST" duration-ms="59340">
      <class name="com.samples.flipcart1.AppTest">
        <test-method signature="LaunchChrome()[pri:0, instance:com.samples.flipcart1.AppTest@29647f75]" started-at="2022-10-12T12:07:07 IST" name="LaunchChrome" finished-at="2022-10-12T12:07:09 IST" duration-ms="2016" status="PASS">
          <reporter-output>
          </reporter-output>
        </test-method> <!-- LaunchChrome -->
        <test-method signature="LaunchFirefox()[pri:0, instance:com.samples.flipcart1.AppTest@29647f75]" started-at="2022-10-12T12:07:09 IST" name="LaunchFirefox" finished-at="2022-10-12T12:07:13 IST" duration-ms="4003" status="PASS">
          <reporter-output>
          </reporter-output>
        </test-method> <!-- LaunchFirefox -->
        <test-method signature="f()[pri:0, instance:com.samples.flipcart1.AppTest@29647f75]" started-at="2022-10-12T12:07:13 IST" name="f" finished-at="2022-10-12T12:07:49 IST" depends-on-methods="com.samples.flipcart1.AppTest.LaunchChrome" duration-ms="36560" status="PASS">
          <reporter-output>
          </reporter-output>
        </test-method> <!-- f -->
        <test-method signature="firefox()[pri:0, instance:com.samples.flipcart1.AppTest@29647f75]" started-at="2022-10-12T12:07:49 IST" name="firefox" finished-at="2022-10-12T12:08:06 IST" depends-on-methods="com.samples.flipcart1.AppTest.LaunchFirefox" duration-ms="16731" status="FAIL">
          <exception class="org.openqa.selenium.NoSuchWindowException">
            <message>
              <![CDATA[Browsing context has been discarded
Build info: version: '4.4.0', revision: 'e5c75ed026a'
System info: host: 'LAPTOP-P3EEU5GP', ip: '192.168.51.176', os.name: 'Windows 11', os.arch: 'amd64', os.version: '10.0', java.version: '17.0.3'
Driver info: org.openqa.selenium.firefox.FirefoxDriver
Command: [3b71c348-fb15-43e9-b9c0-5dc63ab23f3c, executeScript {script=return performance.timing.loadEventEnd - performance.timing.navigationStart;, args=[]}]
Capabilities {acceptInsecureCerts: true, browserName: firefox, browserVersion: 103.0.2, moz:accessibilityChecks: false, moz:buildID: 20220808125904, moz:debuggerAddress: localhost:64200, moz:geckodriverVersion: 0.31.0, moz:headless: false, moz:platformVersion: 10.0, moz:processID: 3636, moz:profile: C:\Users\ashok\AppData\Loca..., moz:shutdownTimeout: 60000, moz:useNonSpecCompliantPointerOrigin: false, moz:webdriverClick: true, moz:windowless: false, pageLoadStrategy: normal, platformName: WINDOWS, proxy: Proxy(), se:cdp: ws://localhost:64200/devtoo..., se:cdpVersion: 85.0, setWindowRect: true, strictFileInteractability: false, timeouts: {implicit: 0, pageLoad: 300000, script: 30000}, unhandledPromptBehavior: dismiss and notify}
Session ID: 3b71c348-fb15-43e9-b9c0-5dc63ab23f3c]]>
            </message>
            <full-stacktrace>
              <![CDATA[org.openqa.selenium.NoSuchWindowException: Browsing context has been discarded
Build info: version: '4.4.0', revision: 'e5c75ed026a'
System info: host: 'LAPTOP-P3EEU5GP', ip: '192.168.51.176', os.name: 'Windows 11', os.arch: 'amd64', os.version: '10.0', java.version: '17.0.3'
Driver info: org.openqa.selenium.firefox.FirefoxDriver
Command: [3b71c348-fb15-43e9-b9c0-5dc63ab23f3c, executeScript {script=return performance.timing.loadEventEnd - performance.timing.navigationStart;, args=[]}]
Capabilities {acceptInsecureCerts: true, browserName: firefox, browserVersion: 103.0.2, moz:accessibilityChecks: false, moz:buildID: 20220808125904, moz:debuggerAddress: localhost:64200, moz:geckodriverVersion: 0.31.0, moz:headless: false, moz:platformVersion: 10.0, moz:processID: 3636, moz:profile: C:\Users\ashok\AppData\Loca..., moz:shutdownTimeout: 60000, moz:useNonSpecCompliantPointerOrigin: false, moz:webdriverClick: true, moz:windowless: false, pageLoadStrategy: normal, platformName: WINDOWS, proxy: Proxy(), se:cdp: ws://localhost:64200/devtoo..., se:cdpVersion: 85.0, setWindowRect: true, strictFileInteractability: false, timeouts: {implicit: 0, pageLoad: 300000, script: 30000}, unhandledPromptBehavior: dismiss and notify}
Session ID: 3b71c348-fb15-43e9-b9c0-5dc63ab23f3c
at java.base/jdk.internal.reflect.NativeConstructorAccessorImpl.newInstance0(Native Method)
at java.base/jdk.internal.reflect.NativeConstructorAccessorImpl.newInstance(NativeConstructorAccessorImpl.java:77)
at java.base/jdk.internal.reflect.DelegatingConstructorAccessorImpl.newInstance(DelegatingConstructorAccessorImpl.java:45)
at java.base/java.lang.reflect.Constructor.newInstanceWithCaller(Constructor.java:499)
at java.base/java.lang.reflect.Constructor.newInstance(Constructor.java:480)
at org.openqa.selenium.remote.codec.w3c.W3CHttpResponseCodec.createException(W3CHttpResponseCodec.java:200)
at org.openqa.selenium.remote.codec.w3c.W3CHttpResponseCodec.decode(W3CHttpResponseCodec.java:133)
at org.openqa.selenium.remote.codec.w3c.W3CHttpResponseCodec.decode(W3CHttpResponseCodec.java:53)
at org.openqa.selenium.remote.HttpCommandExecutor.execute(HttpCommandExecutor.java:184)
at org.openqa.selenium.remote.service.DriverCommandExecutor.invokeExecute(DriverCommandExecutor.java:167)
at org.openqa.selenium.remote.service.DriverCommandExecutor.execute(DriverCommandExecutor.java:142)
at org.openqa.selenium.remote.RemoteWebDriver.execute(RemoteWebDriver.java:547)
at org.openqa.selenium.remote.RemoteWebDriver.executeScript(RemoteWebDriver.java:481)
at com.samples.flipcart1.AppTest.firefox(AppTest.java:92)
at java.base/jdk.internal.reflect.NativeMethodAccessorImpl.invoke0(Native Method)
at java.base/jdk.internal.reflect.NativeMethodAccessorImpl.invoke(NativeMethodAccessorImpl.java:77)
at java.base/jdk.internal.reflect.DelegatingMethodAccessorImpl.invoke(DelegatingMethodAccessorImpl.java:43)
at java.base/java.lang.reflect.Method.invoke(Method.java:568)
at org.testng.internal.MethodInvocationHelper.invokeMethod(MethodInvocationHelper.java:133)
at org.testng.internal.TestInvoker.invokeMethod(TestInvoker.java:584)
at org.testng.internal.TestInvoker.invokeTestMethod(TestInvoker.java:172)
at org.testng.internal.MethodRunner.runInSequence(MethodRunner.java:46)
at org.testng.internal.TestInvoker$MethodInvocationAgent.invoke(TestInvoker.java:804)
at org.testng.internal.TestInvoker.invokeTestMethods(TestInvoker.java:145)
at org.testng.internal.TestMethodWorker.invokeTestMethods(TestMethodWorker.java:146)
at org.testng.internal.TestMethodWorker.run(TestMethodWorker.java:128)
at java.base/java.util.ArrayList.forEach(ArrayList.java:1511)
at org.testng.TestRunner.privateRun(TestRunner.java:770)
at org.testng.TestRunner.run(TestRunner.java:591)
at org.testng.SuiteRunner.runTest(SuiteRunner.java:402)
at org.testng.SuiteRunner.runSequentially(SuiteRunner.java:396)
at org.testng.SuiteRunner.privateRun(SuiteRunner.java:355)
at org.testng.SuiteRunner.run(SuiteRunner.java:304)
at org.testng.SuiteRunnerWorker.runSuite(SuiteRunnerWorker.java:53)
at org.testng.SuiteRunnerWorker.run(SuiteRunnerWorker.java:96)
at org.testng.TestNG.runSuitesSequentially(TestNG.java:1180)
at org.testng.TestNG.runSuitesLocally(TestNG.java:1102)
at org.testng.TestNG.runSuites(TestNG.java:1032)
at org.testng.TestNG.run(TestNG.java:1000)
at org.testng.remote.AbstractRemoteTestNG.run(AbstractRemoteTestNG.java:115)
at org.testng.remote.RemoteTestNG.initAndRun(RemoteTestNG.java:251)
at org.testng.remote.RemoteTestNG.main(RemoteTestNG.java:77)
]]>
            </full-stacktrace>
          </exception> <!-- org.openqa.selenium.NoSuchWindowException -->
          <reporter-output>
          </reporter-output>
        </test-method> <!-- firefox -->
      </class> <!-- com.samples.flipcart1.AppTest -->
    </test> <!-- Test -->
  </suite> <!-- Suite -->
</testng-results>
