<?xml version="1.0" encoding="UTF-8"?>
<!-- Generated by org.testng.reporters.JUnitXMLReporter -->
<testsuite ignored="0" hostname="LAPTOP-P3EEU5GP" failures="1" tests="4" name="Test" time="59.34" errors="0" timestamp="2022-10-12T12:08:06 IST">
  <testcase classname="com.samples.flipcart1.AppTest" name="LaunchChrome" time="2.016"/>
  <testcase classname="com.samples.flipcart1.AppTest" name="LaunchFirefox" time="4.003"/>
  <testcase classname="com.samples.flipcart1.AppTest" name="f" time="36.56"/>
  <testcase classname="com.samples.flipcart1.AppTest" name="firefox" time="16.731">
    <failure type="org.openqa.selenium.NoSuchWindowException" message="Browsing context has been discarded
Build info: version: &amp;apos;4.4.0&amp;apos;, revision: &amp;apos;e5c75ed026a&amp;apos;
System info: host: &amp;apos;LAPTOP-P3EEU5GP&amp;apos;, ip: &amp;apos;192.168.51.176&amp;apos;, os.name: &amp;apos;Windows 11&amp;apos;, os.arch: &amp;apos;amd64&amp;apos;, os.version: &amp;apos;10.0&amp;apos;, java.version: &amp;apos;17.0.3&amp;apos;
Driver info: org.openqa.selenium.firefox.FirefoxDriver
Command: [3b71c348-fb15-43e9-b9c0-5dc63ab23f3c, executeScript {script=return performance.timing.loadEventEnd - performance.timing.navigationStart;, args=[]}]
Capabilities {acceptInsecureCerts: true, browserName: firefox, browserVersion: 103.0.2, moz:accessibilityChecks: false, moz:buildID: 20220808125904, moz:debuggerAddress: localhost:64200, moz:geckodriverVersion: 0.31.0, moz:headless: false, moz:platformVersion: 10.0, moz:processID: 3636, moz:profile: C:\Users\ashok\AppData\Loca..., moz:shutdownTimeout: 60000, moz:useNonSpecCompliantPointerOrigin: false, moz:webdriverClick: true, moz:windowless: false, pageLoadStrategy: normal, platformName: WINDOWS, proxy: Proxy(), se:cdp: ws://localhost:64200/devtoo..., se:cdpVersion: 85.0, setWindowRect: true, strictFileInteractability: false, timeouts: {implicit: 0, pageLoad: 300000, script: 30000}, unhandledPromptBehavior: dismiss and notify}
Session ID: 3b71c348-fb15-43e9-b9c0-5dc63ab23f3c">
      <![CDATA[org.openqa.selenium.NoSuchWindowException: Browsing context has been discarded
Build info: version: '4.4.0', revision: 'e5c75ed026a'
System info: host: 'LAPTOP-P3EEU5GP', ip: '192.168.51.176', os.name: 'Windows 11', os.arch: 'amd64', os.version: '10.0', java.version: '17.0.3'
Driver info: org.openqa.selenium.firefox.FirefoxDriver
Command: [3b71c348-fb15-43e9-b9c0-5dc63ab23f3c, executeScript {script=return performance.timing.loadEventEnd - performance.timing.navigationStart;, args=[]}]
Capabilities {acceptInsecureCerts: true, browserName: firefox, browserVersion: 103.0.2, moz:accessibilityChecks: false, moz:buildID: 20220808125904, moz:debuggerAddress: localhost:64200, moz:geckodriverVersion: 0.31.0, moz:headless: false, moz:platformVersion: 10.0, moz:processID: 3636, moz:profile: C:\Users\ashok\AppData\Loca..., moz:shutdownTimeout: 60000, moz:useNonSpecCompliantPointerOrigin: false, moz:webdriverClick: true, moz:windowless: false, pageLoadStrategy: normal, platformName: WINDOWS, proxy: Proxy(), se:cdp: ws://localhost:64200/devtoo..., se:cdpVersion: 85.0, setWindowRect: true, strictFileInteractability: false, timeouts: {implicit: 0, pageLoad: 300000, script: 30000}, unhandledPromptBehavior: dismiss and notify}
Session ID: 3b71c348-fb15-43e9-b9c0-5dc63ab23f3c
at org.openqa.selenium.remote.codec.w3c.W3CHttpResponseCodec.createException(W3CHttpResponseCodec.java:200)
at org.openqa.selenium.remote.codec.w3c.W3CHttpResponseCodec.decode(W3CHttpResponseCodec.java:133)
at org.openqa.selenium.remote.codec.w3c.W3CHttpResponseCodec.decode(W3CHttpResponseCodec.java:53)
at org.openqa.selenium.remote.HttpCommandExecutor.execute(HttpCommandExecutor.java:184)
at org.openqa.selenium.remote.service.DriverCommandExecutor.invokeExecute(DriverCommandExecutor.java:167)
at org.openqa.selenium.remote.service.DriverCommandExecutor.execute(DriverCommandExecutor.java:142)
at org.openqa.selenium.remote.RemoteWebDriver.execute(RemoteWebDriver.java:547)
at org.openqa.selenium.remote.RemoteWebDriver.executeScript(RemoteWebDriver.java:481)
at com.samples.flipcart1.AppTest.firefox(AppTest.java:92)
at java.base/java.util.ArrayList.forEach(ArrayList.java:1511)
... Removed 32 stack frames]]>
    </failure>
  </testcase> <!-- firefox -->
</testsuite> <!-- Test -->
